#
# There is insufficient memory for the Java Runtime Environment to continue.
# Native memory allocation (malloc) failed to allocate 40976 bytes for Chunk::new
# Possible reasons:
#   The system is out of physical RAM or swap space
#   The process is running with CompressedOops enabled, and the Java Heap may be blocking the growth of the native heap
# Possible solutions:
#   Reduce memory load on the system
#   Increase physical memory or swap space
#   Check if swap backing store is full
#   Decrease Java heap size (-Xmx/-Xms)
#   Decrease number of Java threads
#   Decrease Java thread stack sizes (-Xss)
#   Set larger code cache with -XX:ReservedCodeCacheSize=
#   JVM is running with Unscaled Compressed Oops mode in which the Java heap is
#     placed in the first 4GB address space. The Java Heap base address is the
#     maximum limit for the native heap growth. Please use -XX:HeapBaseMinAddress
#     to set the Java Heap base and to place the Java Heap above 4GB virtual address.
# This output file may be truncated or incomplete.
#
#  Out of Memory Error (c:/BuildAgent/work/5ff2f6c26000d570/src/hotspot/share/memory/arena.cpp:197), pid=7592, tid=3148
#
# JRE version: OpenJDK Runtime Environment (11.0.6+8) (build 11.0.6+8-b520.43)
# Java VM: OpenJDK 64-Bit Server VM (11.0.6+8-b520.43, mixed mode, tiered, compressed oops, g1 gc, windows-amd64)
# No core dump will be written. Minidumps are not enabled by default on client versions of Windows
#

---------------  S U M M A R Y ------------

Command Line: -agentlib:jdwp=transport=dt_socket,address=127.0.0.1:50603,suspend=y,server=n -XX:TieredStopAtLevel=1 -Xverify:none -Dspring.output.ansi.enabled=always -Dcom.sun.management.jmxremote -Dspring.jmx.enabled=true -Dspring.liveBeansView.mbeanDomain -Dspring.application.admin.enabled=true -javaagent:C:\Users\Admin\.IntelliJIdea2019.3\system\captureAgent\debugger-agent.jar -Dfile.encoding=UTF-8 com.example.cooking.CookingApplication

Host: Intel(R) Core(TM) i3-3110M CPU @ 2.40GHz, 4 cores, 7G,  Windows 7 , 64 bit Build 7601 (6.1.7601.24384)
Time: Tue May  5 17:19:03 2020 Oeieyiaey (eaoi) elapsed time: 15 seconds (0d 0h 0m 15s)

---------------  T H R E A D  ---------------

Current thread (0x000000005e12f800):  JavaThread "C1 CompilerThread0" daemon [_thread_in_native, id=3148, stack(0x000000005e380000,0x000000005e480000)]


Current CompileTask:
C1:  15723 6241       1       org.springframework.asm.ClassReader::readCode (5085 bytes)

Stack: [0x000000005e380000,0x000000005e480000]
Native frames: (J=compiled Java code, j=interpreted, Vv=VM code, C=native code)
V  [jvm.dll+0x5de31a]
V  [jvm.dll+0x710ae5]
V  [jvm.dll+0x712005]
V  [jvm.dll+0x7126b3]
V  [jvm.dll+0x23e3a8]
V  [jvm.dll+0xb8b5c]
V  [jvm.dll+0xb905c]
V  [jvm.dll+0x212a72]
V  [jvm.dll+0x23ecc7]
V  [jvm.dll+0x23f912]
V  [jvm.dll+0x23f109]
V  [jvm.dll+0x1357b6]
V  [jvm.dll+0x135747]
V  [jvm.dll+0x13b417]
V  [jvm.dll+0x11d84b]
V  [jvm.dll+0x13c432]
V  [jvm.dll+0x11f69e]
V  [jvm.dll+0x11f3a5]
V  [jvm.dll+0x11f4c3]
V  [jvm.dll+0x11e7d7]
V  [jvm.dll+0x1203a7]
V  [jvm.dll+0x204dd7]
V  [jvm.dll+0x203641]
V  [jvm.dll+0x6da98f]
V  [jvm.dll+0x6d379d]
V  [jvm.dll+0x5dd2e6]
C  [ucrtbase.DLL+0x1c1ae]
C  [kernel32.dll+0x1570d]
C  [ntdll.dll+0x5385d]


---------------  P R O C E S S  ---------------

Threads class SMR info:
_java_thread_list=0x0000000060cddf30, length=21, elements={
0x0000000000493000, 0x000000005e0c8000, 0x000000005e111000, 0x000000005e126800,
0x000000005e12a000, 0x000000005e12f800, 0x000000005e131000, 0x000000001abe8000,
0x000000005eb3c800, 0x000000005eb4d800, 0x000000005eb51800, 0x000000005edec000,
0x000000005fb2c000, 0x0000000060c90000, 0x0000000060cd0800, 0x0000000060d54800,
0x0000000060d57000, 0x0000000061a1e000, 0x000000006395d800, 0x000000006395e000,
0x0000000063985800
}

Java Threads: ( => current thread )
  0x0000000000493000 JavaThread "main" [_thread_blocked, id=3548, stack(0x0000000002200000,0x0000000002300000)]
  0x000000005e0c8000 JavaThread "Reference Handler" daemon [_thread_blocked, id=7244, stack(0x000000005e480000,0x000000005e580000)]
  0x000000005e111000 JavaThread "Finalizer" daemon [_thread_blocked, id=7284, stack(0x000000005e670000,0x000000005e770000)]
  0x000000005e126800 JavaThread "Signal Dispatcher" daemon [_thread_blocked, id=7488, stack(0x000000005e790000,0x000000005e890000)]
  0x000000005e12a000 JavaThread "Attach Listener" daemon [_thread_blocked, id=5408, stack(0x000000005e8f0000,0x000000005e9f0000)]
=>0x000000005e12f800 JavaThread "C1 CompilerThread0" daemon [_thread_in_native, id=3148, stack(0x000000005e380000,0x000000005e480000)]
  0x000000005e131000 JavaThread "Sweeper thread" daemon [_thread_blocked, id=7484, stack(0x000000001d3e0000,0x000000001d4e0000)]
  0x000000001abe8000 JavaThread "Common-Cleaner" daemon [_thread_blocked, id=8168, stack(0x000000005eea0000,0x000000005efa0000)]
  0x000000005eb3c800 JavaThread "JDWP Transport Listener: dt_socket" daemon [_thread_blocked, id=6808, stack(0x000000005f1f0000,0x000000005f2f0000)]
  0x000000005eb4d800 JavaThread "JDWP Event Helper Thread" daemon [_thread_blocked, id=6116, stack(0x000000005f2f0000,0x000000005f3f0000)]
  0x000000005eb51800 JavaThread "JDWP Command Reader" daemon [_thread_in_native, id=2372, stack(0x000000005f580000,0x000000005f680000)]
  0x000000005edec000 JavaThread "Service Thread" daemon [_thread_blocked, id=8060, stack(0x000000005f0f0000,0x000000005f1f0000)]
  0x000000005fb2c000 JavaThread "RMI TCP Accept-0" daemon [_thread_in_native, id=8064, stack(0x00000000606f0000,0x00000000607f0000)]
  0x0000000060c90000 JavaThread "RMI TCP Connection(1)-192.168.43.106" daemon [_thread_in_native, id=3252, stack(0x0000000060550000,0x0000000060650000)]
  0x0000000060cd0800 JavaThread "RMI Scheduler(0)" daemon [_thread_blocked, id=6596, stack(0x0000000061f00000,0x0000000062000000)]
  0x0000000060d54800 JavaThread "Thread-0" [_thread_blocked, id=7092, stack(0x0000000060a00000,0x0000000060b00000)]
  0x0000000060d57000 JavaThread "restartedMain" [_thread_in_vm, id=6328, stack(0x0000000062230000,0x0000000062330000)]
  0x0000000061a1e000 JavaThread "Catalina-utility-1" [_thread_blocked, id=6412, stack(0x0000000064a70000,0x0000000064b70000)]
  0x000000006395d800 JavaThread "Catalina-utility-2" [_thread_blocked, id=4020, stack(0x0000000064c40000,0x0000000064d40000)]
  0x000000006395e000 JavaThread "container-0" [_thread_blocked, id=5336, stack(0x0000000064e80000,0x0000000064f80000)]
  0x0000000063985800 JavaThread "mysql-cj-abandoned-connection-cleanup" daemon [_thread_blocked, id=2844, stack(0x0000000062330000,0x0000000062430000)]

Other Threads:
  0x000000005e0c3000 VMThread "VM Thread" [stack: 0x000000005e250000,0x000000005e350000] [id=1004]
  0x000000005fb30000 WatcherThread [stack: 0x0000000060b20000,0x0000000060c20000] [id=7480]
  0x00000000004ab800 GCTaskThread "GC Thread#0" [stack: 0x0000000002380000,0x0000000002480000] [id=8164]
  0x000000005fa96800 GCTaskThread "GC Thread#1" [stack: 0x0000000060400000,0x0000000060500000] [id=6904]
  0x000000005fa99000 GCTaskThread "GC Thread#2" [stack: 0x0000000060300000,0x0000000060400000] [id=5040]
  0x0000000060e51800 GCTaskThread "GC Thread#3" [stack: 0x00000000626c0000,0x00000000627c0000] [id=4956]
  0x00000000004dc000 ConcurrentGCThread "G1 Main Marker" [stack: 0x000000001ac70000,0x000000001ad70000] [id=7260]
  0x00000000004dd800 ConcurrentGCThread "G1 Conc#0" [stack: 0x000000001af60000,0x000000001b060000] [id=7440]
  0x000000001ab98000 ConcurrentGCThread "G1 Refine#0" [stack: 0x000000001d4f0000,0x000000001d5f0000] [id=7524]
  0x000000001ab99000 ConcurrentGCThread "G1 Young RemSet Sampling" [stack: 0x000000001d6a0000,0x000000001d7a0000] [id=1836]

Threads with active compile tasks:
C1 CompilerThread0  15777 6241       1       org.springframework.asm.ClassReader::readCode (5085 bytes)

VM state:not at safepoint (normal execution)

VM Mutex/Monitor currently owned by a thread: None

Heap address: 0x0000000082200000, size: 2014 MB, Compressed Oops mode: 32-bit
Narrow klass base: 0x0000000000000000, Narrow klass shift: 0
Compressed class space size: 1073741824 Address: 0x000000001d7a0000

Heap:
 garbage-first heap   total 212992K, used 117492K [0x0000000082200000, 0x0000000100000000)
  region size 1024K, 98 young (100352K), 8 survivors (8192K)
 Metaspace       used 63624K, capacity 65483K, committed 65584K, reserved 1105920K
  class space    used 8311K, capacity 9054K, committed 9088K, reserved 1048576K
Heap Regions: E=young(eden), S=young(survivor), O=old, HS=humongous(starts), HC=humongous(continues), CS=collection set, F=free, A=archive, TAMS=top-at-mark-start (previous, next)
|   0|0x0000000082200000, 0x0000000082300000, 0x0000000082300000|100%|HS|  |TAMS 0x0000000082300000, 0x0000000082200000| Complete 
|   1|0x0000000082300000, 0x0000000082400000, 0x0000000082400000|100%| O|  |TAMS 0x0000000082400000, 0x0000000082300000| Untracked 
|   2|0x0000000082400000, 0x0000000082500000, 0x0000000082500000|100%| O|  |TAMS 0x0000000082500000, 0x0000000082400000| Untracked 
|   3|0x0000000082500000, 0x0000000082600000, 0x0000000082600000|100%| O|  |TAMS 0x0000000082600000, 0x0000000082500000| Untracked 
|   4|0x0000000082600000, 0x0000000082700000, 0x0000000082700000|100%| O|  |TAMS 0x0000000082700000, 0x0000000082600000| Untracked 
|   5|0x0000000082700000, 0x0000000082800000, 0x0000000082800000|100%| O|  |TAMS 0x0000000082800000, 0x0000000082700000| Untracked 
|   6|0x0000000082800000, 0x0000000082900000, 0x0000000082900000|100%| O|  |TAMS 0x0000000082900000, 0x0000000082800000| Untracked 
|   7|0x0000000082900000, 0x0000000082a00000, 0x0000000082a00000|100%| O|  |TAMS 0x0000000082a00000, 0x0000000082900000| Untracked 
|   8|0x0000000082a00000, 0x0000000082b00000, 0x0000000082b00000|100%| O|  |TAMS 0x0000000082b00000, 0x0000000082a00000| Untracked 
|   9|0x0000000082b00000, 0x0000000082c00000, 0x0000000082c00000|100%| O|  |TAMS 0x0000000082c00000, 0x0000000082b00000| Untracked 
|  10|0x0000000082c00000, 0x0000000082d00000, 0x0000000082d00000|100%| O|  |TAMS 0x0000000082d00000, 0x0000000082c00000| Untracked 
|  11|0x0000000082d00000, 0x0000000082e00000, 0x0000000082e00000|100%| O|  |TAMS 0x0000000082e00000, 0x0000000082d00000| Untracked 
|  12|0x0000000082e00000, 0x0000000082f00000, 0x0000000082f00000|100%| O|  |TAMS 0x0000000082f00000, 0x0000000082e00000| Untracked 
|  13|0x0000000082f00000, 0x0000000083000000, 0x0000000083000000|100%| O|  |TAMS 0x0000000083000000, 0x0000000082f00000| Untracked 
|  14|0x0000000083000000, 0x0000000083100000, 0x0000000083100000|100%| O|  |TAMS 0x0000000083100000, 0x0000000083000000| Untracked 
|  15|0x0000000083100000, 0x0000000083200000, 0x0000000083200000|100%| O|  |TAMS 0x0000000083200000, 0x0000000083100000| Untracked 
|  16|0x0000000083200000, 0x0000000083300000, 0x0000000083300000|100%| O|  |TAMS 0x0000000083300000, 0x0000000083200000| Untracked 
|  17|0x0000000083300000, 0x0000000083400000, 0x0000000083400000|100%| O|  |TAMS 0x0000000083400000, 0x0000000083300000| Untracked 
|  18|0x0000000083400000, 0x0000000083404600, 0x0000000083500000|  1%| O|  |TAMS 0x0000000083404600, 0x0000000083400000| Untracked 
|  19|0x0000000083500000, 0x0000000083500000, 0x0000000083600000|  0%| F|  |TAMS 0x0000000083500000, 0x0000000083500000| Untracked 
|  20|0x0000000083600000, 0x0000000083600000, 0x0000000083700000|  0%| F|  |TAMS 0x0000000083600000, 0x0000000083600000| Untracked 
|  21|0x0000000083700000, 0x0000000083700000, 0x0000000083800000|  0%| F|  |TAMS 0x0000000083700000, 0x0000000083700000| Untracked 
|  22|0x0000000083800000, 0x0000000083800000, 0x0000000083900000|  0%| F|  |TAMS 0x0000000083800000, 0x0000000083800000| Untracked 
|  23|0x0000000083900000, 0x0000000083900000, 0x0000000083a00000|  0%| F|  |TAMS 0x0000000083900000, 0x0000000083900000| Untracked 
|  24|0x0000000083a00000, 0x0000000083a00000, 0x0000000083b00000|  0%| F|  |TAMS 0x0000000083a00000, 0x0000000083a00000| Untracked 
|  25|0x0000000083b00000, 0x0000000083b00000, 0x0000000083c00000|  0%| F|  |TAMS 0x0000000083b00000, 0x0000000083b00000| Untracked 
|  26|0x0000000083c00000, 0x0000000083c00000, 0x0000000083d00000|  0%| F|  |TAMS 0x0000000083c00000, 0x0000000083c00000| Untracked 
|  27|0x0000000083d00000, 0x0000000083d00000, 0x0000000083e00000|  0%| F|  |TAMS 0x0000000083d00000, 0x0000000083d00000| Untracked 
|  28|0x0000000083e00000, 0x0000000083e00000, 0x0000000083f00000|  0%| F|  |TAMS 0x0000000083e00000, 0x0000000083e00000| Untracked 
|  29|0x0000000083f00000, 0x0000000083f00000, 0x0000000084000000|  0%| F|  |TAMS 0x0000000083f00000, 0x0000000083f00000| Untracked 
|  30|0x0000000084000000, 0x0000000084000000, 0x0000000084100000|  0%| F|  |TAMS 0x0000000084000000, 0x0000000084000000| Untracked 
|  31|0x0000000084100000, 0x0000000084100000, 0x0000000084200000|  0%| F|  |TAMS 0x0000000084100000, 0x0000000084100000| Untracked 
|  32|0x0000000084200000, 0x0000000084200000, 0x0000000084300000|  0%| F|  |TAMS 0x0000000084200000, 0x0000000084200000| Untracked 
|  33|0x0000000084300000, 0x0000000084300000, 0x0000000084400000|  0%| F|  |TAMS 0x0000000084300000, 0x0000000084300000| Untracked 
|  34|0x0000000084400000, 0x0000000084400000, 0x0000000084500000|  0%| F|  |TAMS 0x0000000084400000, 0x0000000084400000| Untracked 
|  35|0x0000000084500000, 0x0000000084500000, 0x0000000084600000|  0%| F|  |TAMS 0x0000000084500000, 0x0000000084500000| Untracked 
|  36|0x0000000084600000, 0x0000000084600000, 0x0000000084700000|  0%| F|  |TAMS 0x0000000084600000, 0x0000000084600000| Untracked 
|  37|0x0000000084700000, 0x0000000084700000, 0x0000000084800000|  0%| F|  |TAMS 0x0000000084700000, 0x0000000084700000| Untracked 
|  38|0x0000000084800000, 0x0000000084800000, 0x0000000084900000|  0%| F|  |TAMS 0x0000000084800000, 0x0000000084800000| Untracked 
|  39|0x0000000084900000, 0x0000000084900000, 0x0000000084a00000|  0%| F|  |TAMS 0x0000000084900000, 0x0000000084900000| Untracked 
|  40|0x0000000084a00000, 0x0000000084a00000, 0x0000000084b00000|  0%| F|  |TAMS 0x0000000084a00000, 0x0000000084a00000| Untracked 
|  41|0x0000000084b00000, 0x0000000084b00000, 0x0000000084c00000|  0%| F|  |TAMS 0x0000000084b00000, 0x0000000084b00000| Untracked 
|  42|0x0000000084c00000, 0x0000000084c00000, 0x0000000084d00000|  0%| F|  |TAMS 0x0000000084c00000, 0x0000000084c00000| Untracked 
|  43|0x0000000084d00000, 0x0000000084d00000, 0x0000000084e00000|  0%| F|  |TAMS 0x0000000084d00000, 0x0000000084d00000| Untracked 
|  44|0x0000000084e00000, 0x0000000084e00000, 0x0000000084f00000|  0%| F|  |TAMS 0x0000000084e00000, 0x0000000084e00000| Untracked 
|  45|0x0000000084f00000, 0x0000000084f00000, 0x0000000085000000|  0%| F|  |TAMS 0x0000000084f00000, 0x0000000084f00000| Untracked 
|  46|0x0000000085000000, 0x0000000085000000, 0x0000000085100000|  0%| F|  |TAMS 0x0000000085000000, 0x0000000085000000| Untracked 
|  47|0x0000000085100000, 0x0000000085100000, 0x0000000085200000|  0%| F|  |TAMS 0x0000000085100000, 0x0000000085100000| Untracked 
|  48|0x0000000085200000, 0x0000000085200000, 0x0000000085300000|  0%| F|  |TAMS 0x0000000085200000, 0x0000000085200000| Untracked 
|  49|0x0000000085300000, 0x0000000085300000, 0x0000000085400000|  0%| F|  |TAMS 0x0000000085300000, 0x0000000085300000| Untracked 
|  50|0x0000000085400000, 0x0000000085400000, 0x0000000085500000|  0%| F|  |TAMS 0x0000000085400000, 0x0000000085400000| Untracked 
|  51|0x0000000085500000, 0x0000000085500000, 0x0000000085600000|  0%| F|  |TAMS 0x0000000085500000, 0x0000000085500000| Untracked 
|  52|0x0000000085600000, 0x0000000085600000, 0x0000000085700000|  0%| F|  |TAMS 0x0000000085600000, 0x0000000085600000| Untracked 
|  53|0x0000000085700000, 0x0000000085700000, 0x0000000085800000|  0%| F|  |TAMS 0x0000000085700000, 0x0000000085700000| Untracked 
|  54|0x0000000085800000, 0x0000000085800000, 0x0000000085900000|  0%| F|  |TAMS 0x0000000085800000, 0x0000000085800000| Untracked 
|  55|0x0000000085900000, 0x0000000085900000, 0x0000000085a00000|  0%| F|  |TAMS 0x0000000085900000, 0x0000000085900000| Untracked 
|  56|0x0000000085a00000, 0x0000000085a00000, 0x0000000085b00000|  0%| F|  |TAMS 0x0000000085a00000, 0x0000000085a00000| Untracked 
|  57|0x0000000085b00000, 0x0000000085b00000, 0x0000000085c00000|  0%| F|  |TAMS 0x0000000085b00000, 0x0000000085b00000| Untracked 
|  58|0x0000000085c00000, 0x0000000085c00000, 0x0000000085d00000|  0%| F|  |TAMS 0x0000000085c00000, 0x0000000085c00000| Untracked 
|  59|0x0000000085d00000, 0x0000000085d00000, 0x0000000085e00000|  0%| F|  |TAMS 0x0000000085d00000, 0x0000000085d00000| Untracked 
|  60|0x0000000085e00000, 0x0000000085e00000, 0x0000000085f00000|  0%| F|  |TAMS 0x0000000085e00000, 0x0000000085e00000| Untracked 
|  61|0x0000000085f00000, 0x0000000085f00000, 0x0000000086000000|  0%| F|  |TAMS 0x0000000085f00000, 0x0000000085f00000| Untracked 
|  62|0x0000000086000000, 0x0000000086000000, 0x0000000086100000|  0%| F|  |TAMS 0x0000000086000000, 0x0000000086000000| Untracked 
|  63|0x0000000086100000, 0x0000000086100000, 0x0000000086200000|  0%| F|  |TAMS 0x0000000086100000, 0x0000000086100000| Untracked 
|  64|0x0000000086200000, 0x0000000086200000, 0x0000000086300000|  0%| F|  |TAMS 0x0000000086200000, 0x0000000086200000| Untracked 
|  65|0x0000000086300000, 0x0000000086300000, 0x0000000086400000|  0%| F|  |TAMS 0x0000000086300000, 0x0000000086300000| Untracked 
|  66|0x0000000086400000, 0x0000000086400000, 0x0000000086500000|  0%| F|  |TAMS 0x0000000086400000, 0x0000000086400000| Untracked 
|  67|0x0000000086500000, 0x0000000086500000, 0x0000000086600000|  0%| F|  |TAMS 0x0000000086500000, 0x0000000086500000| Untracked 
|  68|0x0000000086600000, 0x0000000086600000, 0x0000000086700000|  0%| F|  |TAMS 0x0000000086600000, 0x0000000086600000| Untracked 
|  69|0x0000000086700000, 0x0000000086700000, 0x0000000086800000|  0%| F|  |TAMS 0x0000000086700000, 0x0000000086700000| Untracked 
|  70|0x0000000086800000, 0x0000000086800000, 0x0000000086900000|  0%| F|  |TAMS 0x0000000086800000, 0x0000000086800000| Untracked 
|  71|0x0000000086900000, 0x0000000086900000, 0x0000000086a00000|  0%| F|  |TAMS 0x0000000086900000, 0x0000000086900000| Untracked 
|  72|0x0000000086a00000, 0x0000000086a00000, 0x0000000086b00000|  0%| F|  |TAMS 0x0000000086a00000, 0x0000000086a00000| Untracked 
|  73|0x0000000086b00000, 0x0000000086b00000, 0x0000000086c00000|  0%| F|  |TAMS 0x0000000086b00000, 0x0000000086b00000| Untracked 
|  74|0x0000000086c00000, 0x0000000086c00000, 0x0000000086d00000|  0%| F|  |TAMS 0x0000000086c00000, 0x0000000086c00000| Untracked 
|  75|0x0000000086d00000, 0x0000000086d00000, 0x0000000086e00000|  0%| F|  |TAMS 0x0000000086d00000, 0x0000000086d00000| Untracked 
|  76|0x0000000086e00000, 0x0000000086e00000, 0x0000000086f00000|  0%| F|  |TAMS 0x0000000086e00000, 0x0000000086e00000| Untracked 
|  77|0x0000000086f00000, 0x0000000086f00000, 0x0000000087000000|  0%| F|  |TAMS 0x0000000086f00000, 0x0000000086f00000| Untracked 
|  78|0x0000000087000000, 0x0000000087000000, 0x0000000087100000|  0%| F|  |TAMS 0x0000000087000000, 0x0000000087000000| Untracked 
|  79|0x0000000087100000, 0x0000000087100000, 0x0000000087200000|  0%| F|  |TAMS 0x0000000087100000, 0x0000000087100000| Untracked 
|  80|0x0000000087200000, 0x0000000087200000, 0x0000000087300000|  0%| F|  |TAMS 0x0000000087200000, 0x0000000087200000| Untracked 
|  81|0x0000000087300000, 0x0000000087300000, 0x0000000087400000|  0%| F|  |TAMS 0x0000000087300000, 0x0000000087300000| Untracked 
|  82|0x0000000087400000, 0x0000000087400000, 0x0000000087500000|  0%| F|  |TAMS 0x0000000087400000, 0x0000000087400000| Untracked 
|  83|0x0000000087500000, 0x0000000087500000, 0x0000000087600000|  0%| F|  |TAMS 0x0000000087500000, 0x0000000087500000| Untracked 
|  84|0x0000000087600000, 0x0000000087600000, 0x0000000087700000|  0%| F|  |TAMS 0x0000000087600000, 0x0000000087600000| Untracked 
|  85|0x0000000087700000, 0x0000000087700000, 0x0000000087800000|  0%| F|  |TAMS 0x0000000087700000, 0x0000000087700000| Untracked 
|  86|0x0000000087800000, 0x0000000087800000, 0x0000000087900000|  0%| F|  |TAMS 0x0000000087800000, 0x0000000087800000| Untracked 
|  87|0x0000000087900000, 0x0000000087900000, 0x0000000087a00000|  0%| F|  |TAMS 0x0000000087900000, 0x0000000087900000| Untracked 
|  88|0x0000000087a00000, 0x0000000087a00000, 0x0000000087b00000|  0%| F|  |TAMS 0x0000000087a00000, 0x0000000087a00000| Untracked 
|  89|0x0000000087b00000, 0x0000000087b00000, 0x0000000087c00000|  0%| F|  |TAMS 0x0000000087b00000, 0x0000000087b00000| Untracked 
|  90|0x0000000087c00000, 0x0000000087c00000, 0x0000000087d00000|  0%| F|  |TAMS 0x0000000087c00000, 0x0000000087c00000| Untracked 
|  91|0x0000000087d00000, 0x0000000087d00000, 0x0000000087e00000|  0%| F|  |TAMS 0x0000000087d00000, 0x0000000087d00000| Untracked 
|  92|0x0000000087e00000, 0x0000000087e00000, 0x0000000087f00000|  0%| F|  |TAMS 0x0000000087e00000, 0x0000000087e00000| Untracked 
|  93|0x0000000087f00000, 0x0000000087f00000, 0x0000000088000000|  0%| F|  |TAMS 0x0000000087f00000, 0x0000000087f00000| Untracked 
|  94|0x0000000088000000, 0x0000000088000000, 0x0000000088100000|  0%| F|  |TAMS 0x0000000088000000, 0x0000000088000000| Untracked 
|  95|0x0000000088100000, 0x0000000088100000, 0x0000000088200000|  0%| F|  |TAMS 0x0000000088100000, 0x0000000088100000| Untracked 
|  96|0x0000000088200000, 0x0000000088200000, 0x0000000088300000|  0%| F|  |TAMS 0x0000000088200000, 0x0000000088200000| Untracked 
|  97|0x0000000088300000, 0x0000000088300000, 0x0000000088400000|  0%| F|  |TAMS 0x0000000088300000, 0x0000000088300000| Untracked 
|  98|0x0000000088400000, 0x0000000088400000, 0x0000000088500000|  0%| F|  |TAMS 0x0000000088400000, 0x0000000088400000| Untracked 
|  99|0x0000000088500000, 0x0000000088500000, 0x0000000088600000|  0%| F|  |TAMS 0x0000000088500000, 0x0000000088500000| Untracked 
| 100|0x0000000088600000, 0x0000000088600000, 0x0000000088700000|  0%| F|  |TAMS 0x0000000088600000, 0x0000000088600000| Untracked 
| 101|0x0000000088700000, 0x0000000088700000, 0x0000000088800000|  0%| F|  |TAMS 0x0000000088700000, 0x0000000088700000| Untracked 
| 102|0x0000000088800000, 0x00000000888b8d00, 0x0000000088900000| 72%| S|CS|TAMS 0x0000000088800000, 0x0000000088800000| Complete 
| 103|0x0000000088900000, 0x0000000088a00000, 0x0000000088a00000|100%| S|CS|TAMS 0x0000000088900000, 0x0000000088900000| Complete 
| 104|0x0000000088a00000, 0x0000000088b00000, 0x0000000088b00000|100%| S|CS|TAMS 0x0000000088a00000, 0x0000000088a00000| Complete 
| 105|0x0000000088b00000, 0x0000000088c00000, 0x0000000088c00000|100%| S|CS|TAMS 0x0000000088b00000, 0x0000000088b00000| Complete 
| 106|0x0000000088c00000, 0x0000000088d00000, 0x0000000088d00000|100%| S|CS|TAMS 0x0000000088c00000, 0x0000000088c00000| Complete 
| 107|0x0000000088d00000, 0x0000000088e00000, 0x0000000088e00000|100%| S|CS|TAMS 0x0000000088d00000, 0x0000000088d00000| Complete 
| 108|0x0000000088e00000, 0x0000000088f00000, 0x0000000088f00000|100%| S|CS|TAMS 0x0000000088e00000, 0x0000000088e00000| Complete 
| 109|0x0000000088f00000, 0x0000000089000000, 0x0000000089000000|100%| S|CS|TAMS 0x0000000088f00000, 0x0000000088f00000| Complete 
| 110|0x0000000089000000, 0x0000000089000000, 0x0000000089100000|  0%| F|  |TAMS 0x0000000089000000, 0x0000000089000000| Untracked 
| 111|0x0000000089100000, 0x0000000089100000, 0x0000000089200000|  0%| F|  |TAMS 0x0000000089100000, 0x0000000089100000| Untracked 
| 112|0x0000000089200000, 0x0000000089200000, 0x0000000089300000|  0%| F|  |TAMS 0x0000000089200000, 0x0000000089200000| Untracked 
| 113|0x0000000089300000, 0x0000000089300000, 0x0000000089400000|  0%| F|  |TAMS 0x0000000089300000, 0x0000000089300000| Untracked 
| 114|0x0000000089400000, 0x0000000089400000, 0x0000000089500000|  0%| F|  |TAMS 0x0000000089400000, 0x0000000089400000| Untracked 
| 115|0x0000000089500000, 0x0000000089500000, 0x0000000089600000|  0%| F|  |TAMS 0x0000000089500000, 0x0000000089500000| Untracked 
| 116|0x0000000089600000, 0x0000000089600000, 0x0000000089700000|  0%| F|  |TAMS 0x0000000089600000, 0x0000000089600000| Untracked 
| 117|0x0000000089700000, 0x0000000089700000, 0x0000000089800000|  0%| F|  |TAMS 0x0000000089700000, 0x0000000089700000| Untracked 
| 118|0x0000000089800000, 0x0000000089880800, 0x0000000089900000| 50%| E|  |TAMS 0x0000000089800000, 0x0000000089800000| Complete 
| 119|0x0000000089900000, 0x0000000089a00000, 0x0000000089a00000|100%| E|CS|TAMS 0x0000000089900000, 0x0000000089900000| Complete 
| 120|0x0000000089a00000, 0x0000000089b00000, 0x0000000089b00000|100%| E|CS|TAMS 0x0000000089a00000, 0x0000000089a00000| Complete 
| 121|0x0000000089b00000, 0x0000000089c00000, 0x0000000089c00000|100%| E|CS|TAMS 0x0000000089b00000, 0x0000000089b00000| Complete 
| 122|0x0000000089c00000, 0x0000000089d00000, 0x0000000089d00000|100%| E|CS|TAMS 0x0000000089c00000, 0x0000000089c00000| Complete 
| 123|0x0000000089d00000, 0x0000000089e00000, 0x0000000089e00000|100%| E|CS|TAMS 0x0000000089d00000, 0x0000000089d00000| Complete 
| 124|0x0000000089e00000, 0x0000000089f00000, 0x0000000089f00000|100%| E|CS|TAMS 0x0000000089e00000, 0x0000000089e00000| Complete 
| 125|0x0000000089f00000, 0x000000008a000000, 0x000000008a000000|100%| E|CS|TAMS 0x0000000089f00000, 0x0000000089f00000| Complete 
| 126|0x000000008a000000, 0x000000008a100000, 0x000000008a100000|100%| E|CS|TAMS 0x000000008a000000, 0x000000008a000000| Complete 
| 127|0x000000008a100000, 0x000000008a200000, 0x000000008a200000|100%| E|CS|TAMS 0x000000008a100000, 0x000000008a100000| Complete 
| 128|0x000000008a200000, 0x000000008a300000, 0x000000008a300000|100%| E|CS|TAMS 0x000000008a200000, 0x000000008a200000| Complete 
| 129|0x000000008a300000, 0x000000008a400000, 0x000000008a400000|100%| E|CS|TAMS 0x000000008a300000, 0x000000008a300000| Complete 
| 130|0x000000008a400000, 0x000000008a500000, 0x000000008a500000|100%| E|CS|TAMS 0x000000008a400000, 0x000000008a400000| Complete 
| 131|0x000000008a500000, 0x000000008a600000, 0x000000008a600000|100%| E|CS|TAMS 0x000000008a500000, 0x000000008a500000| Complete 
| 132|0x000000008a600000, 0x000000008a700000, 0x000000008a700000|100%| E|CS|TAMS 0x000000008a600000, 0x000000008a600000| Complete 
| 133|0x000000008a700000, 0x000000008a800000, 0x000000008a800000|100%| E|CS|TAMS 0x000000008a700000, 0x000000008a700000| Complete 
| 134|0x000000008a800000, 0x000000008a900000, 0x000000008a900000|100%| E|CS|TAMS 0x000000008a800000, 0x000000008a800000| Complete 
| 135|0x000000008a900000, 0x000000008aa00000, 0x000000008aa00000|100%| E|CS|TAMS 0x000000008a900000, 0x000000008a900000| Complete 
| 136|0x000000008aa00000, 0x000000008ab00000, 0x000000008ab00000|100%| E|CS|TAMS 0x000000008aa00000, 0x000000008aa00000| Complete 
| 137|0x000000008ab00000, 0x000000008ac00000, 0x000000008ac00000|100%| E|CS|TAMS 0x000000008ab00000, 0x000000008ab00000| Complete 
| 138|0x000000008ac00000, 0x000000008ad00000, 0x000000008ad00000|100%| E|CS|TAMS 0x000000008ac00000, 0x000000008ac00000| Complete 
| 139|0x000000008ad00000, 0x000000008ae00000, 0x000000008ae00000|100%| E|CS|TAMS 0x000000008ad00000, 0x000000008ad00000| Complete 
| 140|0x000000008ae00000, 0x000000008af00000, 0x000000008af00000|100%| E|CS|TAMS 0x000000008ae00000, 0x000000008ae00000| Complete 
| 141|0x000000008af00000, 0x000000008b000000, 0x000000008b000000|100%| E|CS|TAMS 0x000000008af00000, 0x000000008af00000| Complete 
| 142|0x000000008b000000, 0x000000008b100000, 0x000000008b100000|100%| E|CS|TAMS 0x000000008b000000, 0x000000008b000000| Complete 
| 143|0x000000008b100000, 0x000000008b200000, 0x000000008b200000|100%| E|CS|TAMS 0x000000008b100000, 0x000000008b100000| Complete 
| 144|0x000000008b200000, 0x000000008b300000, 0x000000008b300000|100%| E|CS|TAMS 0x000000008b200000, 0x000000008b200000| Complete 
| 145|0x000000008b300000, 0x000000008b400000, 0x000000008b400000|100%| E|CS|TAMS 0x000000008b300000, 0x000000008b300000| Complete 
| 146|0x000000008b400000, 0x000000008b500000, 0x000000008b500000|100%| E|CS|TAMS 0x000000008b400000, 0x000000008b400000| Complete 
| 147|0x000000008b500000, 0x000000008b600000, 0x000000008b600000|100%| E|CS|TAMS 0x000000008b500000, 0x000000008b500000| Complete 
| 148|0x000000008b600000, 0x000000008b700000, 0x000000008b700000|100%| E|CS|TAMS 0x000000008b600000, 0x000000008b600000| Complete 
| 149|0x000000008b700000, 0x000000008b800000, 0x000000008b800000|100%| E|CS|TAMS 0x000000008b700000, 0x000000008b700000| Complete 
| 150|0x000000008b800000, 0x000000008b900000, 0x000000008b900000|100%| E|CS|TAMS 0x000000008b800000, 0x000000008b800000| Complete 
| 151|0x000000008b900000, 0x000000008ba00000, 0x000000008ba00000|100%| E|CS|TAMS 0x000000008b900000, 0x000000008b900000| Complete 
| 152|0x000000008ba00000, 0x000000008bb00000, 0x000000008bb00000|100%| E|CS|TAMS 0x000000008ba00000, 0x000000008ba00000| Complete 
| 153|0x000000008bb00000, 0x000000008bc00000, 0x000000008bc00000|100%| E|CS|TAMS 0x000000008bb00000, 0x000000008bb00000| Complete 
| 154|0x000000008bc00000, 0x000000008bd00000, 0x000000008bd00000|100%| E|CS|TAMS 0x000000008bc00000, 0x000000008bc00000| Complete 
| 155|0x000000008bd00000, 0x000000008be00000, 0x000000008be00000|100%| E|CS|TAMS 0x000000008bd00000, 0x000000008bd00000| Complete 
| 156|0x000000008be00000, 0x000000008bf00000, 0x000000008bf00000|100%| E|CS|TAMS 0x000000008be00000, 0x000000008be00000| Complete 
| 157|0x000000008bf00000, 0x000000008c000000, 0x000000008c000000|100%| E|CS|TAMS 0x000000008bf00000, 0x000000008bf00000| Complete 
| 158|0x000000008c000000, 0x000000008c100000, 0x000000008c100000|100%| E|CS|TAMS 0x000000008c000000, 0x000000008c000000| Complete 
| 159|0x000000008c100000, 0x000000008c200000, 0x000000008c200000|100%| E|CS|TAMS 0x000000008c100000, 0x000000008c100000| Complete 
| 160|0x000000008c200000, 0x000000008c300000, 0x000000008c300000|100%| E|CS|TAMS 0x000000008c200000, 0x000000008c200000| Complete 
| 161|0x000000008c300000, 0x000000008c400000, 0x000000008c400000|100%| E|CS|TAMS 0x000000008c300000, 0x000000008c300000| Complete 
| 162|0x000000008c400000, 0x000000008c500000, 0x000000008c500000|100%| E|CS|TAMS 0x000000008c400000, 0x000000008c400000| Complete 
| 163|0x000000008c500000, 0x000000008c600000, 0x000000008c600000|100%| E|CS|TAMS 0x000000008c500000, 0x000000008c500000| Complete 
| 164|0x000000008c600000, 0x000000008c700000, 0x000000008c700000|100%| E|CS|TAMS 0x000000008c600000, 0x000000008c600000| Complete 
| 165|0x000000008c700000, 0x000000008c800000, 0x000000008c800000|100%| E|CS|TAMS 0x000000008c700000, 0x000000008c700000| Complete 
| 166|0x000000008c800000, 0x000000008c900000, 0x000000008c900000|100%| E|CS|TAMS 0x000000008c800000, 0x000000008c800000| Complete 
| 167|0x000000008c900000, 0x000000008ca00000, 0x000000008ca00000|100%| E|CS|TAMS 0x000000008c900000, 0x000000008c900000| Complete 
| 168|0x000000008ca00000, 0x000000008cb00000, 0x000000008cb00000|100%| E|CS|TAMS 0x000000008ca00000, 0x000000008ca00000| Complete 
| 169|0x000000008cb00000, 0x000000008cc00000, 0x000000008cc00000|100%| E|CS|TAMS 0x000000008cb00000, 0x000000008cb00000| Complete 
| 170|0x000000008cc00000, 0x000000008cd00000, 0x000000008cd00000|100%| E|CS|TAMS 0x000000008cc00000, 0x000000008cc00000| Complete 
| 171|0x000000008cd00000, 0x000000008ce00000, 0x000000008ce00000|100%| E|CS|TAMS 0x000000008cd00000, 0x000000008cd00000| Complete 
| 172|0x000000008ce00000, 0x000000008cf00000, 0x000000008cf00000|100%| E|CS|TAMS 0x000000008ce00000, 0x000000008ce00000| Complete 
| 173|0x000000008cf00000, 0x000000008d000000, 0x000000008d000000|100%| E|CS|TAMS 0x000000008cf00000, 0x000000008cf00000| Complete 
| 174|0x000000008d000000, 0x000000008d100000, 0x000000008d100000|100%| E|CS|TAMS 0x000000008d000000, 0x000000008d000000| Complete 
| 175|0x000000008d100000, 0x000000008d200000, 0x000000008d200000|100%| E|CS|TAMS 0x000000008d100000, 0x000000008d100000| Complete 
| 176|0x000000008d200000, 0x000000008d300000, 0x000000008d300000|100%| E|CS|TAMS 0x000000008d200000, 0x000000008d200000| Complete 
| 177|0x000000008d300000, 0x000000008d400000, 0x000000008d400000|100%| E|CS|TAMS 0x000000008d300000, 0x000000008d300000| Complete 
| 178|0x000000008d400000, 0x000000008d500000, 0x000000008d500000|100%| E|CS|TAMS 0x000000008d400000, 0x000000008d400000| Complete 
| 179|0x000000008d500000, 0x000000008d600000, 0x000000008d600000|100%| E|CS|TAMS 0x000000008d500000, 0x000000008d500000| Complete 
| 180|0x000000008d600000, 0x000000008d700000, 0x000000008d700000|100%| E|CS|TAMS 0x000000008d600000, 0x000000008d600000| Complete 
| 181|0x000000008d700000, 0x000000008d800000, 0x000000008d800000|100%| E|CS|TAMS 0x000000008d700000, 0x000000008d700000| Complete 
| 182|0x000000008d800000, 0x000000008d900000, 0x000000008d900000|100%| E|CS|TAMS 0x000000008d800000, 0x000000008d800000| Complete 
| 183|0x000000008d900000, 0x000000008da00000, 0x000000008da00000|100%| E|CS|TAMS 0x000000008d900000, 0x000000008d900000| Complete 
| 184|0x000000008da00000, 0x000000008db00000, 0x000000008db00000|100%| E|CS|TAMS 0x000000008da00000, 0x000000008da00000| Complete 
| 185|0x000000008db00000, 0x000000008dc00000, 0x000000008dc00000|100%| E|CS|TAMS 0x000000008db00000, 0x000000008db00000| Complete 
| 186|0x000000008dc00000, 0x000000008dd00000, 0x000000008dd00000|100%| E|CS|TAMS 0x000000008dc00000, 0x000000008dc00000| Complete 
| 187|0x000000008dd00000, 0x000000008de00000, 0x000000008de00000|100%| E|CS|TAMS 0x000000008dd00000, 0x000000008dd00000| Complete 
| 188|0x000000008de00000, 0x000000008df00000, 0x000000008df00000|100%| E|CS|TAMS 0x000000008de00000, 0x000000008de00000| Complete 
| 189|0x000000008df00000, 0x000000008e000000, 0x000000008e000000|100%| E|CS|TAMS 0x000000008df00000, 0x000000008df00000| Complete 
| 190|0x000000008e000000, 0x000000008e100000, 0x000000008e100000|100%| E|CS|TAMS 0x000000008e000000, 0x000000008e000000| Complete 
| 191|0x000000008e100000, 0x000000008e200000, 0x000000008e200000|100%| E|CS|TAMS 0x000000008e100000, 0x000000008e100000| Complete 
| 192|0x000000008e200000, 0x000000008e300000, 0x000000008e300000|100%| E|CS|TAMS 0x000000008e200000, 0x000000008e200000| Complete 
| 193|0x000000008e300000, 0x000000008e400000, 0x000000008e400000|100%| E|CS|TAMS 0x000000008e300000, 0x000000008e300000| Complete 
| 194|0x000000008e400000, 0x000000008e500000, 0x000000008e500000|100%| E|CS|TAMS 0x000000008e400000, 0x000000008e400000| Complete 
| 195|0x000000008e500000, 0x000000008e600000, 0x000000008e600000|100%| E|CS|TAMS 0x000000008e500000, 0x000000008e500000| Complete 
| 196|0x000000008e600000, 0x000000008e700000, 0x000000008e700000|100%| E|CS|TAMS 0x000000008e600000, 0x000000008e600000| Complete 
| 197|0x000000008e700000, 0x000000008e800000, 0x000000008e800000|100%| E|CS|TAMS 0x000000008e700000, 0x000000008e700000| Complete 
| 198|0x000000008e800000, 0x000000008e900000, 0x000000008e900000|100%| E|CS|TAMS 0x000000008e800000, 0x000000008e800000| Complete 
| 199|0x000000008e900000, 0x000000008ea00000, 0x000000008ea00000|100%| E|CS|TAMS 0x000000008e900000, 0x000000008e900000| Complete 
| 200|0x000000008ea00000, 0x000000008eb00000, 0x000000008eb00000|100%| E|CS|TAMS 0x000000008ea00000, 0x000000008ea00000| Complete 
| 201|0x000000008eb00000, 0x000000008ec00000, 0x000000008ec00000|100%| E|CS|TAMS 0x000000008eb00000, 0x000000008eb00000| Complete 
| 202|0x000000008ec00000, 0x000000008ed00000, 0x000000008ed00000|100%| E|CS|TAMS 0x000000008ec00000, 0x000000008ec00000| Complete 
| 203|0x000000008ed00000, 0x000000008ee00000, 0x000000008ee00000|100%| E|CS|TAMS 0x000000008ed00000, 0x000000008ed00000| Complete 
| 204|0x000000008ee00000, 0x000000008ef00000, 0x000000008ef00000|100%| E|CS|TAMS 0x000000008ee00000, 0x000000008ee00000| Complete 
| 205|0x000000008ef00000, 0x000000008f000000, 0x000000008f000000|100%| E|CS|TAMS 0x000000008ef00000, 0x000000008ef00000| Complete 
| 206|0x000000008f000000, 0x000000008f100000, 0x000000008f100000|100%| E|CS|TAMS 0x000000008f000000, 0x000000008f000000| Complete 
| 207|0x000000008f100000, 0x000000008f200000, 0x000000008f200000|100%| E|CS|TAMS 0x000000008f100000, 0x000000008f100000| Complete 

Card table byte_map: [0x0000000016430000,0x0000000016820000] _byte_map_base: 0x000000001601f000

Marking Bits (Prev, Next): (CMBitMap*) 0x00000000004d3670, (CMBitMap*) 0x00000000004d3638
 Prev Bits: [0x0000000018b90000, 0x000000001ab08000)
 Next Bits: [0x0000000016c10000, 0x0000000018b88000)

Polling page: 0x0000000000230000

Metaspace:

Usage:
  Non-class:     55.11 MB capacity,    54.02 MB ( 98%) used,   905.12 KB (  2%) free+waste,   210.69 KB ( <1%) overhead. 
      Class:      8.84 MB capacity,     8.12 MB ( 92%) used,   641.10 KB (  7%) free+waste,   101.13 KB (  1%) overhead. 
       Both:     63.95 MB capacity,    62.13 MB ( 97%) used,     1.51 MB (  2%) free+waste,   311.81 KB ( <1%) overhead. 

Virtual space:
  Non-class space:       56.00 MB reserved,      55.17 MB ( 99%) committed 
      Class space:        1.00 GB reserved,       8.88 MB ( <1%) committed 
             Both:        1.05 GB reserved,      64.05 MB (  6%) committed 

Chunk freelists:
   Non-Class:  3.00 KB
       Class:  2.00 KB
        Both:  5.00 KB

MaxMetaspaceSize: 17179869184.00 GB
CompressedClassSpaceSize: 1.00 GB

CodeHeap 'non-profiled nmethods': size=238912Kb used=10603Kb max_used=10603Kb free=228309Kb
 bounds [0x00000000071e0000, 0x0000000007c40000, 0x0000000015b30000]
CodeHeap 'non-nmethods': size=6848Kb used=1333Kb max_used=1333Kb free=5514Kb
 bounds [0x0000000006b30000, 0x0000000006da0000, 0x00000000071e0000]
 total_blobs=7142 nmethods=6240 adapters=564
 compilation: enabled
              stopped_count=0, restarted_count=0
 full_count=0

Compilation events (20 events):
Event: 15.688 Thread 0x000000005e12f800 nmethod 6231 0x0000000007c37b10 code [0x0000000007c37cc0, 0x0000000007c37ef8]
Event: 15.688 Thread 0x000000005e12f800 6232       1       org.springframework.beans.factory.annotation.AutowiredAnnotationBeanPostProcessor$$Lambda$470/0x000000001dc39c40::get$Lambda (10 bytes)
Event: 15.689 Thread 0x000000005e12f800 nmethod 6232 0x0000000007c37f90 code [0x0000000007c38140, 0x0000000007c38318]
Event: 15.689 Thread 0x000000005e12f800 6233       1       org.springframework.beans.factory.annotation.AutowiredAnnotationBeanPostProcessor$$Lambda$470/0x000000001dc39c40::<init> (15 bytes)
Event: 15.689 Thread 0x000000005e12f800 nmethod 6233 0x0000000007c38390 code [0x0000000007c38540, 0x0000000007c386f8]
Event: 15.689 Thread 0x000000005e12f800 6234       1       org.springframework.beans.factory.annotation.AutowiredAnnotationBeanPostProcessor$$Lambda$471/0x000000001dc3a040::get$Lambda (11 bytes)
Event: 15.689 Thread 0x000000005e12f800 nmethod 6234 0x0000000007c38790 code [0x0000000007c38940, 0x0000000007c38b98]
Event: 15.689 Thread 0x000000005e12f800 6235       1       org.springframework.beans.factory.annotation.AutowiredAnnotationBeanPostProcessor$$Lambda$471/0x000000001dc3a040::<init> (20 bytes)
Event: 15.689 Thread 0x000000005e12f800 nmethod 6235 0x0000000007c38c90 code [0x0000000007c38e40, 0x0000000007c39078]
Event: 15.690 Thread 0x000000005e12f800 6236       1       org.springframework.asm.ClassReader::readLabel (34 bytes)
Event: 15.690 Thread 0x000000005e12f800 nmethod 6236 0x0000000007c39110 code [0x0000000007c392e0, 0x0000000007c395d8]
Event: 15.690 Thread 0x000000005e12f800 6237       1       org.springframework.asm.Label::accept (65 bytes)
Event: 15.691 Thread 0x000000005e12f800 nmethod 6237 0x0000000007c39710 code [0x0000000007c398e0, 0x0000000007c39b50]
Event: 15.691 Thread 0x000000005e12f800 6238       1       org.springframework.asm.Label::addLineNumber (89 bytes)
Event: 15.691 Thread 0x000000005e12f800 nmethod 6238 0x0000000007c39c90 code [0x0000000007c39e60, 0x0000000007c3a2b0]
Event: 15.691 Thread 0x000000005e12f800 6239       1       org.springframework.asm.MethodVisitor::visitLineNumber (17 bytes)
Event: 15.691 Thread 0x000000005e12f800 nmethod 6239 0x0000000007c3a410 code [0x0000000007c3a5c0, 0x0000000007c3a730]
Event: 15.691 Thread 0x000000005e12f800 6240       1       org.springframework.asm.ClassReader::readShort (27 bytes)
Event: 15.692 Thread 0x000000005e12f800 nmethod 6240 0x0000000007c3a810 code [0x0000000007c3a9c0, 0x0000000007c3ab38]
Event: 15.692 Thread 0x000000005e12f800 6241       1       org.springframework.asm.ClassReader::readCode (5085 bytes)

GC Heap History (20 events):
Event: 3.428 GC heap before
{Heap before GC invocations=1 (full 0):
 garbage-first heap   total 129024K, used 15279K [0x0000000082200000, 0x0000000100000000)
  region size 1024K, 11 young (11264K), 2 survivors (2048K)
 Metaspace       used 13436K, capacity 13780K, committed 13824K, reserved 1060864K
  class space    used 1384K, capacity 1508K, committed 1536K, reserved 1048576K
}
Event: 3.442 GC heap after
{Heap after GC invocations=2 (full 0):
 garbage-first heap   total 129024K, used 8620K [0x0000000082200000, 0x0000000100000000)
  region size 1024K, 2 young (2048K), 2 survivors (2048K)
 Metaspace       used 13436K, capacity 13780K, committed 13824K, reserved 1060864K
  class space    used 1384K, capacity 1508K, committed 1536K, reserved 1048576K
}
Event: 3.841 GC heap before
{Heap before GC invocations=2 (full 0):
 garbage-first heap   total 129024K, used 32172K [0x0000000082200000, 0x0000000100000000)
  region size 1024K, 26 young (26624K), 2 survivors (2048K)
 Metaspace       used 15796K, capacity 16248K, committed 16512K, reserved 1064960K
  class space    used 1688K, capacity 1856K, committed 1920K, reserved 1048576K
}
Event: 3.847 GC heap after
{Heap after GC invocations=3 (full 0):
 garbage-first heap   total 129024K, used 9363K [0x0000000082200000, 0x0000000100000000)
  region size 1024K, 3 young (3072K), 3 survivors (3072K)
 Metaspace       used 15796K, capacity 16248K, committed 16512K, reserved 1064960K
  class space    used 1688K, capacity 1856K, committed 1920K, reserved 1048576K
}
Event: 4.186 GC heap before
{Heap before GC invocations=3 (full 0):
 garbage-first heap   total 129024K, used 51347K [0x0000000082200000, 0x0000000100000000)
  region size 1024K, 45 young (46080K), 3 survivors (3072K)
 Metaspace       used 18160K, capacity 18744K, committed 18944K, reserved 1067008K
  class space    used 1966K, capacity 2182K, committed 2304K, reserved 1048576K
}
Event: 4.192 GC heap after
{Heap after GC invocations=4 (full 0):
 garbage-first heap   total 129024K, used 9907K [0x0000000082200000, 0x0000000100000000)
  region size 1024K, 3 young (3072K), 3 survivors (3072K)
 Metaspace       used 18160K, capacity 18744K, committed 18944K, reserved 1067008K
  class space    used 1966K, capacity 2182K, committed 2304K, reserved 1048576K
}
Event: 4.549 GC heap before
{Heap before GC invocations=4 (full 0):
 garbage-first heap   total 129024K, used 29363K [0x0000000082200000, 0x0000000100000000)
  region size 1024K, 23 young (23552K), 3 survivors (3072K)
 Metaspace       used 20476K, capacity 21155K, committed 21296K, reserved 1069056K
  class space    used 2359K, capacity 2627K, committed 2688K, reserved 1048576K
}
Event: 4.562 GC heap after
{Heap after GC invocations=5 (full 0):
 garbage-first heap   total 129024K, used 10449K [0x0000000082200000, 0x0000000100000000)
  region size 1024K, 4 young (4096K), 4 survivors (4096K)
 Metaspace       used 20476K, capacity 21155K, committed 21296K, reserved 1069056K
  class space    used 2359K, capacity 2627K, committed 2688K, reserved 1048576K
}
Event: 5.656 GC heap before
{Heap before GC invocations=6 (full 0):
 garbage-first heap   total 129024K, used 75985K [0x0000000082200000, 0x0000000100000000)
  region size 1024K, 69 young (70656K), 4 survivors (4096K)
 Metaspace       used 28819K, capacity 29734K, committed 29872K, reserved 1075200K
  class space    used 3430K, capacity 3785K, committed 3840K, reserved 1048576K
}
Event: 5.668 GC heap after
{Heap after GC invocations=7 (full 0):
 garbage-first heap   total 129024K, used 13431K [0x0000000082200000, 0x0000000100000000)
  region size 1024K, 7 young (7168K), 7 survivors (7168K)
 Metaspace       used 28819K, capacity 29734K, committed 29872K, reserved 1075200K
  class space    used 3430K, capacity 3785K, committed 3840K, reserved 1048576K
}
Event: 6.163 GC heap before
{Heap before GC invocations=7 (full 0):
 garbage-first heap   total 129024K, used 82039K [0x0000000082200000, 0x0000000100000000)
  region size 1024K, 75 young (76800K), 7 survivors (7168K)
 Metaspace       used 30440K, capacity 31423K, committed 31664K, reserved 1077248K
  class space    used 3634K, capacity 4025K, committed 4096K, reserved 1048576K
}
Event: 6.177 GC heap after
{Heap after GC invocations=8 (full 0):
 garbage-first heap   total 177152K, used 15033K [0x0000000082200000, 0x0000000100000000)
  region size 1024K, 7 young (7168K), 7 survivors (7168K)
 Metaspace       used 30440K, capacity 31423K, committed 31664K, reserved 1077248K
  class space    used 3634K, capacity 4025K, committed 4096K, reserved 1048576K
}
Event: 7.367 GC heap before
{Heap before GC invocations=8 (full 0):
 garbage-first heap   total 177152K, used 76473K [0x0000000082200000, 0x0000000100000000)
  region size 1024K, 69 young (70656K), 7 survivors (7168K)
 Metaspace       used 34674K, capacity 35750K, committed 35888K, reserved 1081344K
  class space    used 4220K, capacity 4626K, committed 4736K, reserved 1048576K
}
Event: 7.387 GC heap after
{Heap after GC invocations=9 (full 0):
 garbage-first heap   total 177152K, used 16846K [0x0000000082200000, 0x0000000100000000)
  region size 1024K, 9 young (9216K), 9 survivors (9216K)
 Metaspace       used 34674K, capacity 35750K, committed 35888K, reserved 1081344K
  class space    used 4220K, capacity 4626K, committed 4736K, reserved 1048576K
}
Event: 8.073 GC heap before
{Heap before GC invocations=10 (full 0):
 garbage-first heap   total 177152K, used 112078K [0x0000000082200000, 0x0000000100000000)
  region size 1024K, 103 young (105472K), 9 survivors (9216K)
 Metaspace       used 38319K, capacity 39634K, committed 39728K, reserved 1083392K
  class space    used 4714K, capacity 5196K, committed 5248K, reserved 1048576K
}
Event: 8.091 GC heap after
{Heap after GC invocations=11 (full 0):
 garbage-first heap   total 177152K, used 19285K [0x0000000082200000, 0x0000000100000000)
  region size 1024K, 9 young (9216K), 9 survivors (9216K)
 Metaspace       used 38319K, capacity 39634K, committed 39728K, reserved 1083392K
  class space    used 4714K, capacity 5196K, committed 5248K, reserved 1048576K
}
Event: 11.909 GC heap before
{Heap before GC invocations=11 (full 0):
 garbage-first heap   total 177152K, used 114517K [0x0000000082200000, 0x0000000100000000)
  region size 1024K, 103 young (105472K), 9 survivors (9216K)
 Metaspace       used 51303K, capacity 52737K, committed 52912K, reserved 1095680K
  class space    used 6499K, capacity 7057K, committed 7168K, reserved 1048576K
}
Event: 11.951 GC heap after
{Heap after GC invocations=12 (full 0):
 garbage-first heap   total 177152K, used 24249K [0x0000000082200000, 0x0000000100000000)
  region size 1024K, 11 young (11264K), 11 survivors (11264K)
 Metaspace       used 51303K, capacity 52737K, committed 52912K, reserved 1095680K
  class space    used 6499K, capacity 7057K, committed 7168K, reserved 1048576K
}
Event: 14.312 GC heap before
{Heap before GC invocations=12 (full 0):
 garbage-first heap   total 177152K, used 87737K [0x0000000082200000, 0x0000000100000000)
  region size 1024K, 74 young (75776K), 11 survivors (11264K)
 Metaspace       used 58550K, capacity 60143K, committed 60240K, reserved 1101824K
  class space    used 7586K, capacity 8172K, committed 8192K, reserved 1048576K
}
Event: 14.338 GC heap after
{Heap after GC invocations=13 (full 0):
 garbage-first heap   total 212992K, used 26356K [0x0000000082200000, 0x0000000100000000)
  region size 1024K, 8 young (8192K), 8 survivors (8192K)
 Metaspace       used 58550K, capacity 60143K, committed 60240K, reserved 1101824K
  class space    used 7586K, capacity 8172K, committed 8192K, reserved 1048576K
}

Deoptimization events (20 events):
Event: 15.703 Thread 0x0000000060d57000 DEOPT PACKING pc=0x000000000734a574 sp=0x000000006232cdb0
Event: 15.703 Thread 0x0000000060d57000 DEOPT UNPACKING pc=0x0000000006b6d2ce sp=0x000000006232c288 mode 1
Event: 15.703 Thread 0x0000000060d57000 DEOPT PACKING pc=0x00000000075f7a9c sp=0x000000006232ce50
Event: 15.703 Thread 0x0000000060d57000 DEOPT UNPACKING pc=0x0000000006b6d2ce sp=0x000000006232c3e8 mode 1
Event: 15.704 Thread 0x0000000060d57000 DEOPT PACKING pc=0x00000000073bee74 sp=0x000000006232c310
Event: 15.704 Thread 0x0000000060d57000 DEOPT UNPACKING pc=0x0000000006b6d2ce sp=0x000000006232b7a8 mode 1
Event: 15.704 Thread 0x0000000060d57000 DEOPT PACKING pc=0x00000000073b919c sp=0x000000006232c3e0
Event: 15.704 Thread 0x0000000060d57000 DEOPT UNPACKING pc=0x0000000006b6d2ce sp=0x000000006232b898 mode 1
Event: 15.704 Thread 0x0000000060d57000 DEOPT PACKING pc=0x000000000734a574 sp=0x000000006232ce60
Event: 15.704 Thread 0x0000000060d57000 DEOPT UNPACKING pc=0x0000000006b6d2ce sp=0x000000006232c350 mode 1
Event: 15.706 Thread 0x0000000060d57000 DEOPT PACKING pc=0x00000000073bee74 sp=0x000000006232a860
Event: 15.706 Thread 0x0000000060d57000 DEOPT UNPACKING pc=0x0000000006b6d2ce sp=0x0000000062329cf8 mode 1
Event: 15.706 Thread 0x0000000060d57000 DEOPT PACKING pc=0x00000000073b919c sp=0x000000006232a930
Event: 15.706 Thread 0x0000000060d57000 DEOPT UNPACKING pc=0x0000000006b6d2ce sp=0x0000000062329de8 mode 1
Event: 15.706 Thread 0x0000000060d57000 DEOPT PACKING pc=0x0000000007587e3c sp=0x000000006232b3b0
Event: 15.706 Thread 0x0000000060d57000 DEOPT UNPACKING pc=0x0000000006b6d2ce sp=0x000000006232a880 mode 1
Event: 15.718 Thread 0x0000000060d57000 DEOPT PACKING pc=0x000000000753646c sp=0x000000006232acb0
Event: 15.718 Thread 0x0000000060d57000 DEOPT UNPACKING pc=0x0000000006b6d2ce sp=0x000000006232a1e8 mode 1
Event: 15.718 Thread 0x0000000060d57000 DEOPT PACKING pc=0x000000000753646c sp=0x000000006232acb0
Event: 15.718 Thread 0x0000000060d57000 DEOPT UNPACKING pc=0x0000000006b6d2ce sp=0x000000006232a1e8 mode 1

Classes redefined (0 events):
No events

Internal exceptions (20 events):
Event: 14.821 Thread 0x0000000060d57000 Exception <a 'java/lang/ClassNotFoundException'{0x000000008dfd4df8}: java/lang/ObjectCustomizer> (0x000000008dfd4df8) thrown at [c:/BuildAgent/work/5ff2f6c26000d570/src/hotspot/share/classfile/systemDictionary.cpp, line 231]
Event: 14.822 Thread 0x0000000060d57000 Exception <a 'java/lang/ClassNotFoundException'{0x000000008dfe8880}: com/example/cooking/model/PortionCustomizer> (0x000000008dfe8880) thrown at [c:/BuildAgent/work/5ff2f6c26000d570/src/hotspot/share/classfile/systemDictionary.cpp, line 231]
Event: 14.847 Thread 0x0000000060d57000 Exception <a 'java/lang/IncompatibleClassChangeError'{0x000000008decca48}: Found class java.lang.Object, but interface was expected> (0x000000008decca48) thrown at [c:/BuildAgent/work/5ff2f6c26000d570/src/hotspot/share/interpreter/linkResolver.cpp, line 8
Event: 14.936 Thread 0x0000000060d57000 Exception <a 'java/lang/reflect/InvocationTargetException'{0x000000008d8d8318}> (0x000000008d8d8318) thrown at [c:/BuildAgent/work/5ff2f6c26000d570/src/hotspot/share/runtime/reflection.cpp, line 1247]
Event: 14.952 Thread 0x0000000060d57000 Exception <a 'java/lang/NoSuchMethodError'{0x000000008d764d68}: 'java.lang.Object java.lang.invoke.Invokers$Holder.linkToTargetMethod(java.lang.Object, int, java.lang.Object)'> (0x000000008d764d68) thrown at [c:/BuildAgent/work/5ff2f6c26000d570/src/hotspo
Event: 14.958 Thread 0x0000000060d57000 Exception <a 'java/lang/IncompatibleClassChangeError'{0x000000008d7934a0}: Found class java.lang.Object, but interface was expected> (0x000000008d7934a0) thrown at [c:/BuildAgent/work/5ff2f6c26000d570/src/hotspot/share/interpreter/linkResolver.cpp, line 8
Event: 15.043 Thread 0x0000000060d57000 Exception <a 'java/lang/reflect/InvocationTargetException'{0x000000008d1b7950}> (0x000000008d1b7950) thrown at [c:/BuildAgent/work/5ff2f6c26000d570/src/hotspot/share/runtime/reflection.cpp, line 1247]
Event: 15.291 Thread 0x0000000060d57000 Exception <a 'java/lang/ClassNotFoundException'{0x000000008b43d148}: java/lang/ObjectCustomizer> (0x000000008b43d148) thrown at [c:/BuildAgent/work/5ff2f6c26000d570/src/hotspot/share/classfile/systemDictionary.cpp, line 231]
Event: 15.292 Thread 0x0000000060d57000 Exception <a 'java/lang/ClassNotFoundException'{0x000000008b44f1a0}: com/example/cooking/model/DailyMenuCustomizer> (0x000000008b44f1a0) thrown at [c:/BuildAgent/work/5ff2f6c26000d570/src/hotspot/share/classfile/systemDictionary.cpp, line 231]
Event: 15.295 Thread 0x0000000060d57000 Exception <a 'java/lang/ClassNotFoundException'{0x000000008b474ff0}: java/lang/ObjectCustomizer> (0x000000008b474ff0) thrown at [c:/BuildAgent/work/5ff2f6c26000d570/src/hotspot/share/classfile/systemDictionary.cpp, line 231]
Event: 15.296 Thread 0x0000000060d57000 Exception <a 'java/lang/ClassNotFoundException'{0x000000008b4871d8}: com/example/cooking/model/MealCustomizer> (0x000000008b4871d8) thrown at [c:/BuildAgent/work/5ff2f6c26000d570/src/hotspot/share/classfile/systemDictionary.cpp, line 231]
Event: 15.323 Thread 0x0000000060d57000 Exception <a 'java/lang/ClassNotFoundException'{0x000000008b1c9628}: java/lang/ObjectCustomizer> (0x000000008b1c9628) thrown at [c:/BuildAgent/work/5ff2f6c26000d570/src/hotspot/share/classfile/systemDictionary.cpp, line 231]
Event: 15.324 Thread 0x0000000060d57000 Exception <a 'java/lang/ClassNotFoundException'{0x000000008b1dc6a0}: com/example/cooking/model/MealCategoryGroupCustomizer> (0x000000008b1dc6a0) thrown at [c:/BuildAgent/work/5ff2f6c26000d570/src/hotspot/share/classfile/systemDictionary.cpp, line 231]
Event: 15.347 Thread 0x0000000060d57000 Exception <a 'java/lang/ClassNotFoundException'{0x000000008aee4328}: java/lang/ObjectCustomizer> (0x000000008aee4328) thrown at [c:/BuildAgent/work/5ff2f6c26000d570/src/hotspot/share/classfile/systemDictionary.cpp, line 231]
Event: 15.348 Thread 0x0000000060d57000 Exception <a 'java/lang/ClassNotFoundException'{0x000000008aefc860}: org/springframework/security/config/annotation/web/configuration/WebSecurityConfigurationCustomizer> (0x000000008aefc860) thrown at [c:/BuildAgent/work/5ff2f6c26000d570/src/hotspot/share
Event: 15.349 Thread 0x0000000060d57000 Exception <a 'java/lang/ClassNotFoundException'{0x000000008ad17708}: org/springframework/context/annotation/ImportAwareCustomizer> (0x000000008ad17708) thrown at [c:/BuildAgent/work/5ff2f6c26000d570/src/hotspot/share/classfile/systemDictionary.cpp, line 2
Event: 15.350 Thread 0x0000000060d57000 Exception <a 'java/lang/ClassNotFoundException'{0x000000008ad26a40}: org/springframework/beans/factory/AwareCustomizer> (0x000000008ad26a40) thrown at [c:/BuildAgent/work/5ff2f6c26000d570/src/hotspot/share/classfile/systemDictionary.cpp, line 231]
Event: 15.351 Thread 0x0000000060d57000 Exception <a 'java/lang/ClassNotFoundException'{0x000000008ad36dd8}: org/springframework/beans/factory/BeanClassLoaderAwareCustomizer> (0x000000008ad36dd8) thrown at [c:/BuildAgent/work/5ff2f6c26000d570/src/hotspot/share/classfile/systemDictionary.cpp, li
Event: 15.351 Thread 0x0000000060d57000 Exception <a 'java/lang/ClassNotFoundException'{0x000000008ad46120}: org/springframework/beans/factory/AwareCustomizer> (0x000000008ad46120) thrown at [c:/BuildAgent/work/5ff2f6c26000d570/src/hotspot/share/classfile/systemDictionary.cpp, line 231]
Event: 15.625 Thread 0x0000000060d57000 Exception <a 'java/lang/NoSuchMethodError'{0x0000000089e850e0}: 'java.lang.Object java.lang.invoke.DirectMethodHandle$Holder.invokeInterface(java.lang.Object, java.lang.Object, java.lang.Object, java.lang.Object)'> (0x0000000089e850e0) thrown at [c:/Build

Events (20 events):
Event: 15.703 loading class org/joda/time$LocalDate
Event: 15.703 loading class org/joda/time$LocalDate done
Event: 15.704 loading class org/springframework/boot/autoconfigure/http/HttpMessageConverters
Event: 15.704 loading class org/springframework/boot/autoconfigure/http/HttpMessageConverters done
Event: 15.706 loading class org/springframework/hateoas/server/mvc/TypeConstrainedMappingJackson2HttpMessageConverter
Event: 15.706 loading class org/springframework/hateoas/server/mvc/TypeConstrainedMappingJackson2HttpMessageConverter done
Event: 15.709 loading class org/springframework/core/ResolvableType$WildcardBounds$Kind
Event: 15.709 loading class org/springframework/core/ResolvableType$WildcardBounds$Kind done
Event: 15.711 loading class org/springframework/http/converter/HttpMessageNotReadableException
Event: 15.711 loading class org/springframework/http/converter/HttpMessageNotReadableException done
Event: 15.711 loading class org/springframework/http/converter/HttpMessageConversionException
Event: 15.711 loading class org/springframework/http/converter/HttpMessageConversionException done
Event: 15.712 loading class org/springframework/http/HttpOutputMessage
Event: 15.712 loading class org/springframework/http/HttpOutputMessage done
Event: 15.713 loading class org/springframework/http/converter/HttpMessageNotWritableException
Event: 15.713 loading class org/springframework/http/converter/HttpMessageNotWritableException done
Event: 15.713 loading class org/springframework/http/HttpHeaders
Event: 15.713 loading class org/springframework/http/HttpHeaders done
Event: 15.720 loading class com/fasterxml/jackson/core/JsonEncoding
Event: 15.720 loading class com/fasterxml/jackson/core/JsonEncoding done


Dynamic libraries:
0x000000013f490000 - 0x000000013f49a000 	C:\Program Files\JetBrains\IntelliJ IDEA 2019.3.1\jbr\bin\java.exe
0x00000000773e0000 - 0x000000007757f000 	C:\Windows\SYSTEM32\ntdll.dll
0x00000000771c0000 - 0x00000000772df000 	C:\Windows\system32\kernel32.dll
0x000007fefd020000 - 0x000007fefd08a000 	C:\Windows\system32\KERNELBASE.dll
0x000007feeb7f0000 - 0x000007feeb809000 	C:\Program Files\JetBrains\IntelliJ IDEA 2019.3.1\jbr\bin\jli.dll
0x000007fefb8f0000 - 0x000007fefbae4000 	C:\Windows\WinSxS\amd64_microsoft.windows.common-controls_6595b64144ccf1df_6.0.7601.18837_none_fa3b1e3d17594757\COMCTL32.dll
0x000007fefe6c0000 - 0x000007fefe75f000 	C:\Windows\system32\msvcrt.dll
0x000007fefd7f0000 - 0x000007fefd857000 	C:\Windows\system32\GDI32.dll
0x00000000772e0000 - 0x00000000773da000 	C:\Windows\system32\USER32.dll
0x000007fefd8e0000 - 0x000007fefd8ee000 	C:\Windows\system32\LPK.dll
0x000007fefd920000 - 0x000007fefd9eb000 	C:\Windows\system32\USP10.dll
0x000007fefdcc0000 - 0x000007fefdd31000 	C:\Windows\system32\SHLWAPI.dll
0x000007feeb7d0000 - 0x000007feeb7e7000 	C:\Program Files\JetBrains\IntelliJ IDEA 2019.3.1\jbr\bin\VCRUNTIME140.dll
0x000007feeb7c0000 - 0x000007feeb7c4000 	C:\Program Files\JetBrains\IntelliJ IDEA 2019.3.1\jbr\bin\api-ms-win-crt-runtime-l1-1-0.dll
0x000007feeb6c0000 - 0x000007feeb7ba000 	C:\Program Files\JetBrains\IntelliJ IDEA 2019.3.1\jbr\bin\ucrtbase.DLL
0x000007feeb6b0000 - 0x000007feeb6b3000 	C:\Program Files\JetBrains\IntelliJ IDEA 2019.3.1\jbr\bin\api-ms-win-core-localization-l1-2-0.dll
0x000007feeb6a0000 - 0x000007feeb6a3000 	C:\Program Files\JetBrains\IntelliJ IDEA 2019.3.1\jbr\bin\api-ms-win-core-processthreads-l1-1-1.dll
0x000007feeb690000 - 0x000007feeb693000 	C:\Program Files\JetBrains\IntelliJ IDEA 2019.3.1\jbr\bin\api-ms-win-core-file-l1-2-0.dll
0x000007feeb680000 - 0x000007feeb683000 	C:\Program Files\JetBrains\IntelliJ IDEA 2019.3.1\jbr\bin\api-ms-win-core-timezone-l1-1-0.dll
0x000007feeb670000 - 0x000007feeb673000 	C:\Program Files\JetBrains\IntelliJ IDEA 2019.3.1\jbr\bin\api-ms-win-core-file-l2-1-0.dll
0x000007feeb660000 - 0x000007feeb663000 	C:\Program Files\JetBrains\IntelliJ IDEA 2019.3.1\jbr\bin\api-ms-win-core-synch-l1-2-0.dll
0x000007feeb650000 - 0x000007feeb654000 	C:\Program Files\JetBrains\IntelliJ IDEA 2019.3.1\jbr\bin\api-ms-win-crt-string-l1-1-0.dll
0x000007feeb640000 - 0x000007feeb643000 	C:\Program Files\JetBrains\IntelliJ IDEA 2019.3.1\jbr\bin\api-ms-win-crt-heap-l1-1-0.dll
0x000007feeb630000 - 0x000007feeb634000 	C:\Program Files\JetBrains\IntelliJ IDEA 2019.3.1\jbr\bin\api-ms-win-crt-stdio-l1-1-0.dll
0x000007feeb620000 - 0x000007feeb624000 	C:\Program Files\JetBrains\IntelliJ IDEA 2019.3.1\jbr\bin\api-ms-win-crt-convert-l1-1-0.dll
0x000007feeb610000 - 0x000007feeb613000 	C:\Program Files\JetBrains\IntelliJ IDEA 2019.3.1\jbr\bin\api-ms-win-crt-environment-l1-1-0.dll
0x000007feeb600000 - 0x000007feeb603000 	C:\Program Files\JetBrains\IntelliJ IDEA 2019.3.1\jbr\bin\api-ms-win-crt-filesystem-l1-1-0.dll
0x000007feeb5f0000 - 0x000007feeb5f5000 	C:\Program Files\JetBrains\IntelliJ IDEA 2019.3.1\jbr\bin\api-ms-win-crt-math-l1-1-0.dll
0x000007feeb5e0000 - 0x000007feeb5e3000 	C:\Program Files\JetBrains\IntelliJ IDEA 2019.3.1\jbr\bin\api-ms-win-crt-locale-l1-1-0.dll
0x000007fefd8f0000 - 0x000007fefd91e000 	C:\Windows\system32\IMM32.DLL
0x000007fefdf20000 - 0x000007fefe029000 	C:\Windows\system32\MSCTF.dll
0x000007fefce70000 - 0x000007fefcea0000 	C:\Windows\system32\nvinitx.dll
0x000007fefce60000 - 0x000007fefce6c000 	C:\Windows\system32\VERSION.dll
0x000007fefe080000 - 0x000007fefe15b000 	C:\Windows\system32\ADVAPI32.dll
0x000007fefd4a0000 - 0x000007fefd4bf000 	C:\Windows\SYSTEM32\sechost.dll
0x000007fefd4c0000 - 0x000007fefd5ec000 	C:\Windows\system32\RPCRT4.dll
0x0000000072ab0000 - 0x0000000072ab6000 	C:\Program Files\NVIDIA Corporation\CoProcManager\detoured.dll
0x000007fef8230000 - 0x000007fef8268000 	C:\Program Files\NVIDIA Corporation\CoProcManager\nvd3d9wrapx.dll
0x000007feff4f0000 - 0x000007feff6c7000 	C:\Windows\system32\SETUPAPI.dll
0x000007fefd250000 - 0x000007fefd286000 	C:\Windows\system32\CFGMGR32.dll
0x000007fefdde0000 - 0x000007fefdeba000 	C:\Windows\system32\OLEAUT32.dll
0x000007fefd5f0000 - 0x000007fefd7ef000 	C:\Windows\system32\ole32.dll
0x000007fefd2d0000 - 0x000007fefd2ea000 	C:\Windows\system32\DEVOBJ.dll
0x000007fef81b0000 - 0x000007fef81d4000 	C:\Program Files\NVIDIA Corporation\CoProcManager\nvdxgiwrapx.dll
0x000007feea9d0000 - 0x000007feeaa6d000 	C:\Program Files\JetBrains\IntelliJ IDEA 2019.3.1\jbr\bin\msvcp140.dll
0x000007feeb5d0000 - 0x000007feeb5d5000 	C:\Program Files\JetBrains\IntelliJ IDEA 2019.3.1\jbr\bin\api-ms-win-crt-multibyte-l1-1-0.dll
0x000007feeb5c0000 - 0x000007feeb5c3000 	C:\Program Files\JetBrains\IntelliJ IDEA 2019.3.1\jbr\bin\api-ms-win-crt-time-l1-1-0.dll
0x000007feeb5b0000 - 0x000007feeb5b3000 	C:\Program Files\JetBrains\IntelliJ IDEA 2019.3.1\jbr\bin\api-ms-win-crt-utility-l1-1-0.dll
0x000007feeaa70000 - 0x000007feeb52d000 	C:\Program Files\JetBrains\IntelliJ IDEA 2019.3.1\jbr\bin\server\jvm.dll
0x000007fef6010000 - 0x000007fef6019000 	C:\Windows\system32\WSOCK32.dll
0x000007fefe030000 - 0x000007fefe07d000 	C:\Windows\system32\WS2_32.dll
0x000007fefe6b0000 - 0x000007fefe6b8000 	C:\Windows\system32\NSI.dll
0x000007fef8170000 - 0x000007fef81ab000 	C:\Windows\system32\WINMM.dll
0x0000000077580000 - 0x0000000077587000 	C:\Windows\system32\PSAPI.DLL
0x000007fef4790000 - 0x000007fef47a1000 	C:\Program Files\JetBrains\IntelliJ IDEA 2019.3.1\jbr\bin\verify.dll
0x000007fefaaf0000 - 0x000007fefac15000 	C:\Windows\system32\DBGHELP.DLL
0x000007feefa90000 - 0x000007feefab9000 	C:\Program Files\JetBrains\IntelliJ IDEA 2019.3.1\jbr\bin\java.dll
0x000007fecf580000 - 0x000007fecf5b8000 	C:\Program Files\JetBrains\IntelliJ IDEA 2019.3.1\jbr\bin\jdwp.dll
0x000007fef47b0000 - 0x000007fef47bf000 	C:\Program Files\JetBrains\IntelliJ IDEA 2019.3.1\jbr\bin\instrument.dll
0x000007fef3be0000 - 0x000007fef3bf8000 	C:\Program Files\JetBrains\IntelliJ IDEA 2019.3.1\jbr\bin\zip.dll
0x000007fef4780000 - 0x000007fef478b000 	C:\Program Files\JetBrains\IntelliJ IDEA 2019.3.1\jbr\bin\jimage.dll
0x000007fefe760000 - 0x000007feff4ea000 	C:\Windows\system32\SHELL32.dll
0x000007fefcf30000 - 0x000007fefcf3f000 	C:\Windows\system32\profapi.dll
0x000007feeb820000 - 0x000007feeb82b000 	C:\Program Files\JetBrains\IntelliJ IDEA 2019.3.1\jbr\bin\dt_socket.dll
0x000007fefc630000 - 0x000007fefc685000 	C:\Windows\system32\mswsock.dll
0x000007fefc0a0000 - 0x000007fefc0a7000 	C:\Windows\System32\wshtcpip.dll
0x000007fef35a0000 - 0x000007fef35ba000 	C:\Program Files\JetBrains\IntelliJ IDEA 2019.3.1\jbr\bin\net.dll
0x000007fefa330000 - 0x000007fefa3a1000 	C:\Windows\system32\WINHTTP.dll
0x000007fefa2c0000 - 0x000007fefa325000 	C:\Windows\system32\webio.dll
0x000007fefc620000 - 0x000007fefc627000 	C:\Windows\System32\wship6.dll
0x000007feec740000 - 0x000007feec754000 	C:\Program Files\JetBrains\IntelliJ IDEA 2019.3.1\jbr\bin\nio.dll
0x000007fefc4b0000 - 0x000007fefc50b000 	C:\Windows\system32\DNSAPI.dll
0x000007fefa5e0000 - 0x000007fefa607000 	C:\Windows\system32\IPHLPAPI.DLL
0x000007fefa5d0000 - 0x000007fefa5db000 	C:\Windows\system32\WINNSI.DLL
0x000007fef9310000 - 0x000007fef9318000 	C:\Windows\system32\rasadhlp.dll
0x000007fefa260000 - 0x000007fefa2b3000 	C:\Windows\System32\fwpuclnt.dll
0x000007fef3260000 - 0x000007fef326a000 	C:\Program Files\JetBrains\IntelliJ IDEA 2019.3.1\jbr\bin\management.dll
0x000007feefa80000 - 0x000007feefa8c000 	C:\Program Files\JetBrains\IntelliJ IDEA 2019.3.1\jbr\bin\management_ext.dll
0x000007fefc690000 - 0x000007fefc6a8000 	C:\Windows\system32\CRYPTSP.dll
0x000007fefc390000 - 0x000007fefc3d7000 	C:\Windows\system32\rsaenh.dll
0x000007fefcf60000 - 0x000007fefcf7e000 	C:\Windows\system32\USERENV.dll
0x000007fefcd50000 - 0x000007fefcd5f000 	C:\Windows\system32\CRYPTBASE.dll
0x000007fefa450000 - 0x000007fefa468000 	C:\Windows\system32\dhcpcsvc.DLL
0x000007fef9f80000 - 0x000007fef9f91000 	C:\Windows\system32\dhcpcsvc6.DLL
0x000007fefacd0000 - 0x000007feface5000 	C:\Windows\system32\NLAapi.dll
0x000007fef5440000 - 0x000007fef5455000 	C:\Windows\system32\napinsp.dll
0x000007fef5140000 - 0x000007fef5159000 	C:\Windows\system32\pnrpnsp.dll
0x000007fef4f90000 - 0x000007fef4f9b000 	C:\Windows\System32\winrnr.dll
0x000007fef4c40000 - 0x000007fef4c50000 	C:\Windows\system32\wshbth.dll
0x000007feebb10000 - 0x000007feebb38000 	C:\Program Files\JetBrains\IntelliJ IDEA 2019.3.1\jbr\bin\sunec.dll

dbghelp: loaded successfully - version: 4.0.5 - missing functions: none
symbol engine: initialized successfully - sym options: 0x614 - pdb path: .;C:\Program Files\JetBrains\IntelliJ IDEA 2019.3.1\jbr\bin;C:\Windows\SYSTEM32;C:\Windows\WinSxS\amd64_microsoft.windows.common-controls_6595b64144ccf1df_6.0.7601.18837_none_fa3b1e3d17594757;C:\Program Files\NVIDIA Corporation\CoProcManager;C:\Program Files\JetBrains\IntelliJ IDEA 2019.3.1\jbr\bin\server

VM Arguments:
jvm_args: -agentlib:jdwp=transport=dt_socket,address=127.0.0.1:50603,suspend=y,server=n -XX:TieredStopAtLevel=1 -Xverify:none -Dspring.output.ansi.enabled=always -Dcom.sun.management.jmxremote -Dspring.jmx.enabled=true -Dspring.liveBeansView.mbeanDomain -Dspring.application.admin.enabled=true -javaagent:C:\Users\Admin\.IntelliJIdea2019.3\system\captureAgent\debugger-agent.jar -Dfile.encoding=UTF-8 
java_command: com.example.cooking.CookingApplication
java_class_path (initial): C:\Coding\cooking\target\classes;C:\Users\Admin\.m2\repository\org\springframework\boot\spring-boot-starter-data-jpa\2.2.5.RELEASE\spring-boot-starter-data-jpa-2.2.5.RELEASE.jar;C:\Users\Admin\.m2\repository\org\springframework\boot\spring-boot-starter-aop\2.2.5.RELEASE\spring-boot-starter-aop-2.2.5.RELEASE.jar;C:\Users\Admin\.m2\repository\org\aspectj\aspectjweaver\1.9.5\aspectjweaver-1.9.5.jar;C:\Users\Admin\.m2\repository\org\springframework\boot\spring-boot-starter-jdbc\2.2.5.RELEASE\spring-boot-starter-jdbc-2.2.5.RELEASE.jar;C:\Users\Admin\.m2\repository\com\zaxxer\HikariCP\3.4.2\HikariCP-3.4.2.jar;C:\Users\Admin\.m2\repository\org\springframework\spring-jdbc\5.2.4.RELEASE\spring-jdbc-5.2.4.RELEASE.jar;C:\Users\Admin\.m2\repository\jakarta\activation\jakarta.activation-api\1.2.2\jakarta.activation-api-1.2.2.jar;C:\Users\Admin\.m2\repository\jakarta\persistence\jakarta.persistence-api\2.2.3\jakarta.persistence-api-2.2.3.jar;C:\Users\Admin\.m2\repository\jakarta\transaction\jakarta.transaction-api\1.3.3\jakarta.transaction-api-1.3.3.jar;C:\Users\Admin\.m2\repository\org\hibernate\hibernate-core\5.4.12.Final\hibernate-core-5.4.12.Final.jar;C:\Users\Admin\.m2\repository\org\jboss\logging\jboss-logging\3.4.1.Final\jboss-logging-3.4.1.Final.jar;C:\Users\Admin\.m2\repository\org\javassist\javassist\3.24.0-GA\javassist-3.24.0-GA.jar;C:\Users\Admin\.m2\repository\net\bytebuddy\byte-buddy\1.10.8\byte-buddy-1.10.8.jar;C:\Users\Admin\.m2\repository\antlr\antlr\2.7.7\antlr-2.7.7.jar;C:\Users\Admin\.m2\repository\org\jboss\jandex\2.1.1.Final\jandex-2.1.1.Final.jar;C:\Users\Admin\.m2\repository\com\fasterxml\classmate\1.5.1\classmate-1.5.1.jar;C:\Users\Admin\.m2\repository\org\dom4j\dom4j\2.1.1\dom4j-2.1.1.jar;C:\Users\Admin\.m2\repository\org\hibernate\common\hibernate-commons-annotations\5.1.0.Final\hibernate-commons-annotations-5.1.0.Final.jar;C:\Users\Admin\.m2\repository\org\glassfish\jaxb\jaxb-runtime\2.3.2\jaxb-runtime-2.3.2.jar;C:\Users\Ad
Launcher Type: SUN_STANDARD

[Global flags]
     bool BytecodeVerificationLocal                = false                                     {product} {command line}
     bool BytecodeVerificationRemote               = false                                     {product} {command line}
     intx CICompilerCount                          = 3                                         {product} {ergonomic}
     uint ConcGCThreads                            = 1                                         {product} {ergonomic}
     uint G1ConcRefinementThreads                  = 4                                         {product} {ergonomic}
   size_t G1HeapRegionSize                         = 1048576                                   {product} {ergonomic}
    uintx GCDrainStackTargetSize                   = 64                                        {product} {ergonomic}
   size_t InitialHeapSize                          = 132120576                                 {product} {ergonomic}
     bool ManagementServer                         = true                                      {product} {command line}
   size_t MarkStackSize                            = 4194304                                   {product} {ergonomic}
   size_t MaxHeapSize                              = 2111832064                                {product} {ergonomic}
   size_t MaxNewSize                               = 1266679808                                {product} {ergonomic}
   size_t MinHeapDeltaBytes                        = 1048576                                   {product} {ergonomic}
    uintx NonNMethodCodeHeapSize                   = 6973028                                {pd product} {ergonomic}
    uintx NonProfiledCodeHeapSize                  = 244685212                              {pd product} {ergonomic}
    uintx ProfiledCodeHeapSize                     = 0                                      {pd product} {ergonomic}
    uintx ReservedCodeCacheSize                    = 251658240                              {pd product} {ergonomic}
     bool SegmentedCodeCache                       = true                                      {product} {ergonomic}
     intx TieredStopAtLevel                        = 1                                         {product} {command line}
     bool UseCompressedClassPointers               = true                                 {lp64_product} {ergonomic}
     bool UseCompressedOops                        = true                                 {lp64_product} {ergonomic}
     bool UseG1GC                                  = true                                      {product} {ergonomic}
     bool UseLargePagesIndividualAllocation        = false                                  {pd product} {ergonomic}

Logging:
Log output configuration:
 #0: stdout all=warning uptime,level,tags
 #1: stderr all=off uptime,level,tags

Environment Variables:
JAVA_HOME=C:\Program Files\Java\jdk-12.0.2
PATH=C:\Windows\system32;C:\Windows;C:\Windows\System32\Wbem;C:\Windows\System32\WindowsPowerShell\v1.0\;C:\Program Files\7-Zip;C:\Program Files\Intel\WiFi\bin\;C:\Program Files\Common Files\Intel\WirelessCommon;C:\Program Files\Java\jdk-12.0.2\bin;C:\Program Files\Java\jdk-12.0.2\lib;C:\Coding\Sqlite3;C:\Program Files\Apache\Maven\bin;C:\Program Files\Git\cmd;C:\Program Files\MySQL\MySQL Shell 8.0\bin\;C:\Program Files\Intel\WiFi\bin\;C:\Program Files\Common Files\Intel\WirelessCommon\;C:\Program Files\JetBrains\IntelliJ IDEA Community Edition 2019.2.1\bin;;C:\Program Files\JetBrains\IntelliJ IDEA 2019.3.1\bin;
USERNAME=Admin
OS=Windows_NT
PROCESSOR_IDENTIFIER=Intel64 Family 6 Model 58 Stepping 9, GenuineIntel



---------------  S Y S T E M  ---------------

OS: Windows 7 , 64 bit Build 7601 (6.1.7601.24384)

CPU:total 4 (initial active 4) (2 cores per cpu, 2 threads per core) family 6 model 58 stepping 9, cmov, cx8, fxsr, mmx, sse, sse2, sse3, ssse3, sse4.1, sse4.2, popcnt, avx, clmul, erms, ht, tsc, tscinvbit, tscinv

Memory: 4k page, system-wide physical 8053M (680M free)
TotalPageFile size 10051M (AvailPageFile size 4M)
current process WorkingSet (physical memory assigned to process): 334M, peak: 334M
current process commit charge ("private bytes"): 395M, peak: 395M

vm_info: OpenJDK 64-Bit Server VM (11.0.6+8-b520.43) for windows-amd64 JRE (11.0.6+8-b520.43), built on Feb  3 2020 14:18:56 by "" with MS VC++ 14.0 (VS2015)

END.
